[INFO] Scanning for projects...
[INFO] 
[INFO] --------------------< com.example:backend-service >---------------------
[INFO] Building backend-service 0.0.1-SNAPSHOT
[INFO]   from pom.xml
[INFO] --------------------------------[ jar ]---------------------------------
[INFO] 
[INFO] --- resources:3.3.1:resources (default-resources) @ backend-service ---
[INFO] Copying 4 resources from src\main\resources to target\classes
[INFO] Copying 0 resource from src\main\resources to target\classes
[INFO] 
[INFO] --- compiler:3.13.0:compile (default-compile) @ backend-service ---
[INFO] Nothing to compile - all classes are up to date.
[INFO] 
[INFO] --- resources:3.3.1:testResources (default-testResources) @ backend-service ---
[INFO] skip non existing resourceDirectory D:\SU26\SWD392_PROJECT\SWD\backend\src\test\resources
[INFO] 
[INFO] --- compiler:3.13.0:testCompile (default-testCompile) @ backend-service ---
[INFO] Recompiling the module because of changed source code.
[INFO] Compiling 11 source files with javac [debug parameters release 21] to target\test-classes
[INFO] -------------------------------------------------------------
[ERROR] COMPILATION ERROR : 
[INFO] -------------------------------------------------------------
[ERROR] /D:/SU26/SWD392_PROJECT/SWD/backend/src/test/java/com/example/backendservice/features/complaint/ComplaintServiceTest.java:[66,17] cannot find symbol
  symbol:   method firstName(java.lang.String)
  location: class com.example.backendservice.features.user.entity.CitizenProfile.CitizenProfileBuilder
[ERROR] /D:/SU26/SWD392_PROJECT/SWD/backend/src/test/java/com/example/backendservice/features/reward/RewardServiceTest.java:[60,17] cannot find symbol
  symbol:   method firstName(java.lang.String)
  location: class com.example.backendservice.features.user.entity.CitizenProfile.CitizenProfileBuilder
[ERROR] /D:/SU26/SWD392_PROJECT/SWD/backend/src/test/java/com/example/backendservice/features/task/TaskServiceTest.java:[89,17] cannot find symbol
  symbol:   method firstName(java.lang.String)
  location: class com.example.backendservice.features.user.entity.CollectorProfile.CollectorProfileBuilder
[ERROR] /D:/SU26/SWD392_PROJECT/SWD/backend/src/test/java/com/example/backendservice/features/waste/WasteReportServiceTest.java:[71,17] cannot find symbol
  symbol:   method firstName(java.lang.String)
  location: class com.example.backendservice.features.user.entity.CitizenProfile.CitizenProfileBuilder
[INFO] 4 errors 
[INFO] -------------------------------------------------------------
[INFO] ------------------------------------------------------------------------
[INFO] BUILD FAILURE
[INFO] ------------------------------------------------------------------------
[INFO] Total time:  2.791 s
[INFO] Finished at: 2026-02-03T09:32:47+07:00
[INFO] ------------------------------------------------------------------------
[ERROR] Failed to execute goal org.apache.maven.plugins:maven-compiler-plugin:3.13.0:testCompile (default-testCompile) on project backend-service: Compilation failure: Compilation failure: 
[ERROR] /D:/SU26/SWD392_PROJECT/SWD/backend/src/test/java/com/example/backendservice/features/complaint/ComplaintServiceTest.java:[66,17] cannot find symbol
[ERROR]   symbol:   method firstName(java.lang.String)
[ERROR]   location: class com.example.backendservice.features.user.entity.CitizenProfile.CitizenProfileBuilder
[ERROR] /D:/SU26/SWD392_PROJECT/SWD/backend/src/test/java/com/example/backendservice/features/reward/RewardServiceTest.java:[60,17] cannot find symbol
[ERROR]   symbol:   method firstName(java.lang.String)
[ERROR]   location: class com.example.backendservice.features.user.entity.CitizenProfile.CitizenProfileBuilder
[ERROR] /D:/SU26/SWD392_PROJECT/SWD/backend/src/test/java/com/example/backendservice/features/task/TaskServiceTest.java:[89,17] cannot find symbol
[ERROR]   symbol:   method firstName(java.lang.String)
[ERROR]   location: class com.example.backendservice.features.user.entity.CollectorProfile.CollectorProfileBuilder
[ERROR] /D:/SU26/SWD392_PROJECT/SWD/backend/src/test/java/com/example/backendservice/features/waste/WasteReportServiceTest.java:[71,17] cannot find symbol
[ERROR]   symbol:   method firstName(java.lang.String)
[ERROR]   location: class com.example.backendservice.features.user.entity.CitizenProfile.CitizenProfileBuilder
[ERROR] -> [Help 1]
[ERROR] 
[ERROR] To see the full stack trace of the errors, re-run Maven with the -e switch.
[ERROR] Re-run Maven using the -X switch to enable full debug logging.
[ERROR] 
[ERROR] For more information about the errors and possible solutions, please read the following articles:
[ERROR] [Help 1] http://cwiki.apache.org/confluence/display/MAVEN/MojoFailureException
